<?xml version="1.0" encoding="UTF-8"?>
<!-- Generated by org.testng.reporters.JUnitReportReporter -->
<testsuite hostname="DESKTOP-GLJ4AI4" failures="0" tests="1" name="locatorDemo.LocatorsForms" time="16.788" errors="0" timestamp="2022-01-19T07:55:25 IST" skipped="0">
  <testcase classname="locatorDemo.LocatorsForms" name="validateForms" time="16.788"/>
  <system-out/>
</testsuite> <!-- locatorDemo.LocatorsForms -->
