<?xml version="1.0" encoding="UTF-8"?>
<!-- Generated by org.testng.reporters.JUnitReportReporter -->
<testsuite hostname="DESKTOP-GLJ4AI4" failures="0" tests="2" name="TestNGDemo.TestClass01" time="0.030" errors="0" timestamp="2022-01-17T08:18:59 IST" skipped="0">
  <testcase classname="TestNGDemo.TestClass01" name="method1" time="0.024"/>
  <system-out/>
  <testcase classname="TestNGDemo.TestClass01" name="method3" time="0.006"/>
  <system-out/>
</testsuite> <!-- TestNGDemo.TestClass01 -->
