<?xml version="1.0" encoding="UTF-8"?>
<!-- Generated by org.testng.reporters.JUnitReportReporter -->
<testsuite hostname="DESKTOP-GLJ4AI4" failures="0" tests="3" name="TestNGDemo.TestClass02" time="0.046" errors="0" timestamp="2022-01-17T08:18:59 IST" skipped="0">
  <testcase classname="TestNGDemo.TestClass02" name="method4" time="0.027"/>
  <system-out/>
  <testcase classname="TestNGDemo.TestClass02" name="method6" time="0.004"/>
  <system-out/>
  <testcase classname="TestNGDemo.TestClass02" name="method5" time="0.015"/>
  <system-out/>
</testsuite> <!-- TestNGDemo.TestClass02 -->
