<?xml version="1.0" encoding="UTF-8"?>
<!-- Generated by org.testng.reporters.JUnitReportReporter -->
<testsuite hostname="DESKTOP-GLJ4AI4" failures="0" tests="1" name="demoSelenium.OpenGoogleApplFirefoxBrowser" time="11.349" errors="0" timestamp="2022-01-17T08:46:51 IST" skipped="0">
  <testcase classname="demoSelenium.OpenGoogleApplFirefoxBrowser" name="openApplication" time="11.349"/>
  <system-out/>
</testsuite> <!-- demoSelenium.OpenGoogleApplFirefoxBrowser -->
