<?xml version="1.0" encoding="UTF-8"?>
<!-- Generated by org.testng.reporters.JUnitReportReporter -->
<testsuite hostname="DESKTOP-GLJ4AI4" failures="0" tests="1" name="demoSelenium.OpenGoogleApplChromeBrowser" time="10.297" errors="0" timestamp="2022-01-17T08:38:29 IST" skipped="0">
  <testcase classname="demoSelenium.OpenGoogleApplChromeBrowser" name="openApplication" time="10.297"/>
  <system-out/>
</testsuite> <!-- demoSelenium.OpenGoogleApplChromeBrowser -->
