<?xml version="1.0" encoding="UTF-8"?>
<!-- Generated by org.testng.reporters.JUnitReportReporter -->
<testsuite hostname="DESKTOP-GLJ4AI4" failures="0" tests="1" name="locatorDemo.CSSSelectorChild" time="6.644" errors="0" timestamp="2022-01-23T07:56:40 IST" skipped="0">
  <testcase classname="locatorDemo.CSSSelectorChild" name="validateForms" time="6.644"/>
  <system-out/>
</testsuite> <!-- locatorDemo.CSSSelectorChild -->
