<?xml version="1.0" encoding="UTF-8"?>
<!-- Generated by org.testng.reporters.JUnitReportReporter -->
<testsuite hostname="DESKTOP-GLJ4AI4" failures="0" tests="1" name="locatorDemo.AssignLocatorSampleDemo" time="10.161" errors="0" timestamp="2022-01-22T07:48:50 IST" skipped="0">
  <testcase classname="locatorDemo.AssignLocatorSampleDemo" name="validateForms" time="10.161"/>
  <system-out/>
</testsuite> <!-- locatorDemo.AssignLocatorSampleDemo -->
