<?xml version="1.0" encoding="UTF-8"?>
<!-- Generated by org.testng.reporters.JUnitReportReporter -->
<testsuite hostname="DESKTOP-GLJ4AI4" failures="0" tests="1" name="locatorDemo.DemoTakingScreenshot" time="20.296" errors="0" timestamp="2022-02-01T08:07:59 IST" skipped="0">
  <testcase classname="locatorDemo.DemoTakingScreenshot" name="validateForms" time="20.296"/>
  <system-out/>
</testsuite> <!-- locatorDemo.DemoTakingScreenshot -->
