<?xml version="1.0" encoding="UTF-8"?>
<!-- Generated by org.testng.reporters.JUnitReportReporter -->
<testsuite hostname="DESKTOP-GLJ4AI4" failures="0" tests="1" name="locatorDemo.DemoNavigateCommands" time="46.371" errors="0" timestamp="2022-02-01T14:19:18 IST" skipped="0">
  <testcase classname="locatorDemo.DemoNavigateCommands" name="validateForms" time="46.371"/>
  <system-out/>
</testsuite> <!-- locatorDemo.DemoNavigateCommands -->
