<?xml version="1.0" encoding="UTF-8"?>
<!-- Generated by org.testng.reporters.JUnitReportReporter -->
<testsuite hostname="DESKTOP-GLJ4AI4" failures="0" tests="1" name="locatorDemo.LocatorsFormsXpath" time="17.317" errors="0" timestamp="2022-01-23T08:04:54 IST" skipped="0">
  <testcase classname="locatorDemo.LocatorsFormsXpath" name="validateForms" time="17.317"/>
  <system-out/>
</testsuite> <!-- locatorDemo.LocatorsFormsXpath -->
