<?xml version="1.0" encoding="UTF-8"?>
<!-- Generated by org.testng.reporters.JUnitReportReporter -->
<testsuite hostname="DESKTOP-GLJ4AI4" failures="0" tests="2" name="switchingDemo.SwitchToWindow" time="15.495" errors="0" timestamp="2022-01-29T07:41:46 IST" skipped="0">
  <testcase classname="switchingDemo.SwitchToWindow" name="openApplication" time="9.490"/>
  <system-out/>
  <testcase classname="switchingDemo.SwitchToWindow" name="demoSwitchToWindow" time="6.005"/>
  <system-out/>
</testsuite> <!-- switchingDemo.SwitchToWindow -->
