<?xml version="1.0" encoding="UTF-8"?>
<!-- Generated by org.testng.reporters.JUnitReportReporter -->
<testsuite hostname="DESKTOP-GLJ4AI4" failures="0" tests="1" name="locatorDemo.LocatorTagNameDemo" time="10.951" errors="0" timestamp="2022-01-22T07:33:46 IST" skipped="0">
  <testcase classname="locatorDemo.LocatorTagNameDemo" name="validateForms" time="10.951"/>
  <system-out/>
</testsuite> <!-- locatorDemo.LocatorTagNameDemo -->
