<?xml version="1.0" encoding="UTF-8"?>
<!-- Generated by org.testng.reporters.JUnitReportReporter -->
<testsuite hostname="DESKTOP-GLJ4AI4" failures="0" tests="3" name="com.test.NewTest" time="0.051" errors="0" timestamp="2022-01-13T08:18:26 IST" skipped="0">
  <testcase classname="com.test.NewTest" name="f" time="0.007"/>
  <system-out/>
  <testcase classname="com.test.NewTest" name="TestCase2" time="0.033"/>
  <system-out/>
  <testcase classname="com.test.NewTest" name="TestCase3" time="0.011"/>
  <system-out/>
</testsuite> <!-- com.test.NewTest -->
