<?xml version="1.0" encoding="UTF-8"?>
<!-- Generated by org.testng.reporters.JUnitReportReporter -->
<testsuite hostname="DESKTOP-GLJ4AI4" failures="0" tests="1" name="com.test.AllAnnotationsDemo" time="0.028" errors="0" timestamp="2022-01-15T07:49:16 IST" skipped="0">
  <testcase classname="com.test.AllAnnotationsDemo" name="test" time="0.028"/>
  <system-out/>
</testsuite> <!-- com.test.AllAnnotationsDemo -->
